2023-10-20 12:45:24,711 - INFO - Program started
2023-10-20 12:45:24,711 - INFO - Added barracks (1), storages (1), barns (1)
2023-10-20 12:45:24,711 - DEBUG - Connecting Factory[0x21cdb0597f0] to Barrack[0, 0x21cdb059a90], Barrack[0, 0x21cdb059a90], Storage[0, 0x21cdb059ac0]
2023-10-20 12:45:24,711 - DEBUG - Connecting Factory[0x21cdb059d60] to Barrack[0, 0x21cdb059a90], Barrack[0, 0x21cdb059a90], Storage[0, 0x21cdb059ac0]
2023-10-20 12:45:24,711 - DEBUG - Connecting Factory[0x21cdb059f70] to Barrack[0, 0x21cdb059a90], Barrack[0, 0x21cdb059a90], Storage[0, 0x21cdb059ac0]
2023-10-20 12:45:24,711 - DEBUG - Connecting Factory[0x21cdb0731c0] to Barrack[0, 0x21cdb059a90], Barrack[0, 0x21cdb059a90], Storage[0, 0x21cdb059ac0]
2023-10-20 12:45:24,711 - DEBUG - Barrack[0, 0x21cdb059a90], Worker[0x21cdb0733d0, 100] returned
2023-10-20 12:45:24,711 - INFO - Added dining halls (0), homes (0), fields (0), factories (4), workers (1)
2023-10-20 12:45:24,711 - DEBUG - Factory[0x21cdb0597f0] reserving
2023-10-20 12:45:24,711 - DEBUG - Barrack[0, 0x21cdb059a90], reserve Worker[0x21cdb0733d0, 100], transition: Factory[0x21cdb0597f0]
2023-10-20 12:45:24,711 - DEBUG - Factory[0x21cdb0597f0] retrieving 1 worker from Barrack[0, 0x21cdb059a90]
2023-10-20 12:45:24,711 - DEBUG - Factory[0x21cdb059d60] reserving
2023-10-20 12:45:24,711 - DEBUG - Factory[0x21cdb0597f0]: product sent to Storage[0, 0x21cdb059ac0]), Worker[0x21cdb0733d0, 86] harmed -14
2023-10-20 12:45:24,711 - DEBUG - Barrack[0, 0x21cdb059a90], reserve None, transition: Factory[0x21cdb059d60]
2023-10-20 12:45:24,711 - DEBUG - Storage[1, 0x21cdb059ac0], one Product [0x21cdb0734f0] added
2023-10-20 12:45:24,711 - DEBUG - Factory[0x21cdb059f70] reserving
2023-10-20 12:45:24,711 - DEBUG - Factory[0x21cdb059d60] reserving
2023-10-20 12:45:24,711 - DEBUG - Factory[0x21cdb0731c0] reserving
2023-10-20 12:45:24,711 - DEBUG - Barrack[0, 0x21cdb059a90], Worker[0x21cdb0733d0, 86] returned
2023-10-20 12:45:24,711 - DEBUG - Barrack[1, 0x21cdb059a90], reserve None, transition: Factory[0x21cdb059f70]
2023-10-20 12:45:24,711 - DEBUG - Barrack[1, 0x21cdb059a90], reserve None, transition: Factory[0x21cdb059d60]
2023-10-20 12:45:24,711 - DEBUG - Barrack[1, 0x21cdb059a90], reserve None, transition: Factory[0x21cdb0731c0]
2023-10-20 12:45:24,711 - DEBUG - Factory[0x21cdb0597f0] reserving
2023-10-20 12:45:24,711 - DEBUG - Factory[0x21cdb059f70] reserving
2023-10-20 12:45:24,711 - DEBUG - Factory[0x21cdb059d60] reserving
2023-10-20 12:45:24,711 - DEBUG - Factory[0x21cdb0731c0] reserving
2023-10-20 12:45:24,711 - DEBUG - Barrack[0, 0x21cdb059a90], reserve Worker[0x21cdb0733d0, 86], transition: Factory[0x21cdb0597f0]
2023-10-20 12:45:24,711 - DEBUG - Barrack[0, 0x21cdb059a90], reserve None, transition: Factory[0x21cdb059f70]
2023-10-20 12:45:24,711 - DEBUG - Barrack[0, 0x21cdb059a90], reserve None, transition: Factory[0x21cdb059d60]
2023-10-20 12:45:24,711 - DEBUG - Barrack[0, 0x21cdb059a90], reserve None, transition: Factory[0x21cdb0731c0]
2023-10-20 12:45:24,711 - DEBUG - Factory[0x21cdb0597f0] retrieving 1 worker from Barrack[0, 0x21cdb059a90]
2023-10-20 12:45:24,711 - DEBUG - Factory[0x21cdb059f70] reserving
2023-10-20 12:45:24,711 - DEBUG - Factory[0x21cdb059d60] reserving
2023-10-20 12:45:24,711 - DEBUG - Factory[0x21cdb0597f0]: product sent to Storage[1, 0x21cdb059ac0]), Worker[0x21cdb0733d0, 12] harmed -74
2023-10-20 12:45:24,711 - DEBUG - Barrack[0, 0x21cdb059a90], reserve None, transition: Factory[0x21cdb059f70]
2023-10-20 12:45:24,711 - DEBUG - Factory[0x21cdb0731c0] reserving
2023-10-20 12:45:24,711 - DEBUG - Barrack[0, 0x21cdb059a90], reserve None, transition: Factory[0x21cdb059d60]
2023-10-20 12:45:24,711 - DEBUG - Storage[2, 0x21cdb059ac0], one Product [0x21cdb073550] added
2023-10-20 12:45:24,711 - DEBUG - Factory[0x21cdb059f70] reserving
2023-10-20 12:45:24,711 - DEBUG - Barrack[0, 0x21cdb059a90], reserve None, transition: Factory[0x21cdb0731c0]
2023-10-20 12:45:24,711 - DEBUG - Factory[0x21cdb059d60] reserving
2023-10-20 12:45:24,726 - DEBUG - Barrack[0, 0x21cdb059a90], reserve None, transition: Factory[0x21cdb059f70]
2023-10-20 12:45:24,726 - DEBUG - Barrack[0, 0x21cdb059a90], Worker[0x21cdb0733d0, 12] returned
2023-10-20 12:45:24,726 - DEBUG - Factory[0x21cdb0731c0] reserving
2023-10-20 12:45:24,726 - DEBUG - Barrack[0, 0x21cdb059a90], reserve None, transition: Factory[0x21cdb059d60]
2023-10-20 12:45:24,727 - DEBUG - Barrack[0, 0x21cdb059a90], reserve Worker[0x21cdb0733d0, 12], transition: Factory[0x21cdb0731c0]
2023-10-20 12:45:24,727 - DEBUG - Factory[0x21cdb0731c0] retrieving 1 worker from Barrack[0, 0x21cdb059a90]
2023-10-20 12:45:24,727 - DEBUG - Factory[0x21cdb0731c0]: product sent to Storage[2, 0x21cdb059ac0]), Worker[0x21cdb0733d0, 7] harmed -5
2023-10-20 12:45:24,728 - DEBUG - Storage[3, 0x21cdb059ac0], one Product [0x21cdb073880] added
2023-10-20 12:45:24,728 - DEBUG - Barrack[0, 0x21cdb059a90], Worker[0x21cdb0733d0, 7] returned
2023-10-20 12:45:24,728 - INFO - Program ended
